<?xml version="1.0" encoding="UTF-8"?>
<coverage generated="1641104992996" clover="3.2.0">
  <project timestamp="1641104992997" name="All files">
    <metrics statements="72" coveredstatements="72" conditionals="20" coveredconditionals="20" methods="31" coveredmethods="31" elements="123" coveredelements="123" complexity="0" loc="72" ncloc="72" packages="1" files="1" classes="1"/>
    <file name="index.js" path="C:\muthu\gitworkspace\libraries\npm\js\optional-monad\src\index.js">
      <metrics statements="72" coveredstatements="72" conditionals="20" coveredconditionals="20" methods="31" coveredmethods="31"/>
      <line num="4" count="35" type="stmt"/>
      <line num="5" count="35" type="stmt"/>
      <line num="6" count="35" type="stmt"/>
      <line num="7" count="25" type="stmt"/>
      <line num="8" count="24" type="stmt"/>
      <line num="11" count="35" type="stmt"/>
      <line num="12" count="14" type="stmt"/>
      <line num="13" count="14" type="stmt"/>
      <line num="15" count="35" type="stmt"/>
      <line num="16" count="1" type="stmt"/>
      <line num="17" count="1" type="stmt"/>
      <line num="18" count="1" type="stmt"/>
      <line num="20" count="1" type="stmt"/>
      <line num="22" count="35" type="stmt"/>
      <line num="23" count="2" type="stmt"/>
      <line num="24" count="2" type="stmt"/>
      <line num="25" count="2" type="stmt"/>
      <line num="27" count="35" type="stmt"/>
      <line num="28" count="2" type="stmt"/>
      <line num="29" count="2" type="stmt"/>
      <line num="37" count="38" type="stmt"/>
      <line num="38" count="38" type="cond" truecount="4" falsecount="0"/>
      <line num="39" count="34" type="stmt"/>
      <line num="40" count="38" type="stmt"/>
      <line num="44" count="36" type="cond" truecount="2" falsecount="0"/>
      <line num="45" count="8" type="stmt"/>
      <line num="46" count="28" type="stmt"/>
      <line num="50" count="4" type="cond" truecount="2" falsecount="0"/>
      <line num="51" count="4" type="stmt"/>
      <line num="52" count="4" type="stmt"/>
      <line num="55" count="3" type="stmt"/>
      <line num="58" count="8" type="stmt"/>
      <line num="59" count="20" type="stmt"/>
      <line num="61" count="19" type="stmt"/>
      <line num="62" count="19" type="stmt"/>
      <line num="63" count="19" type="stmt"/>
      <line num="64" count="19" type="stmt"/>
      <line num="73" count="3" type="stmt"/>
      <line num="74" count="8" type="stmt"/>
      <line num="75" count="7" type="stmt"/>
      <line num="76" count="7" type="stmt"/>
      <line num="80" count="3" type="stmt"/>
      <line num="82" count="29" type="stmt"/>
      <line num="83" count="27" type="stmt"/>
      <line num="88" count="29" type="stmt"/>
      <line num="91" count="3" type="stmt"/>
      <line num="93" count="16" type="stmt"/>
      <line num="98" count="3" type="stmt"/>
      <line num="99" count="3" type="stmt"/>
      <line num="100" count="3" type="cond" truecount="2" falsecount="0"/>
      <line num="104" count="3" type="stmt"/>
      <line num="105" count="2" type="stmt"/>
      <line num="106" count="2" type="cond" truecount="2" falsecount="0"/>
      <line num="109" count="3" type="stmt"/>
      <line num="110" count="2" type="stmt"/>
      <line num="111" count="2" type="cond" truecount="2" falsecount="0"/>
      <line num="112" count="1" type="stmt"/>
      <line num="115" count="3" type="stmt"/>
      <line num="116" count="2" type="stmt"/>
      <line num="117" count="2" type="cond" truecount="2" falsecount="0"/>
      <line num="118" count="1" type="stmt"/>
      <line num="120" count="1" type="stmt"/>
      <line num="125" count="3" type="stmt"/>
      <line num="126" count="4" type="stmt"/>
      <line num="128" count="4" type="cond" truecount="2" falsecount="0"/>
      <line num="129" count="1" type="stmt"/>
      <line num="131" count="3" type="cond" truecount="2" falsecount="0"/>
      <line num="132" count="2" type="stmt"/>
      <line num="134" count="1" type="stmt"/>
      <line num="138" count="3" type="stmt"/>
      <line num="139" count="26" type="stmt"/>
      <line num="141" count="3" type="stmt"/>
    </file>
  </project>
</coverage>
