<?xml version="1.0" encoding="UTF-8"?>
<coverage generated="1653197449799" clover="3.2.0">
  <project timestamp="1653197449800" name="All files">
    <metrics statements="78" coveredstatements="78" conditionals="24" coveredconditionals="24" methods="34" coveredmethods="34" elements="136" coveredelements="136" complexity="0" loc="78" ncloc="78" packages="1" files="1" classes="1"/>
    <file name="index.js" path="C:\muthu\gitworkspace\libraries\npm\js\declarative-optional\declarative-optional\src\index.js">
      <metrics statements="78" coveredstatements="78" conditionals="24" coveredconditionals="24" methods="34" coveredmethods="34"/>
      <line num="3" count="55" type="stmt"/>
      <line num="4" count="55" type="stmt"/>
      <line num="5" count="38" type="stmt"/>
      <line num="6" count="38" type="stmt"/>
      <line num="9" count="55" type="stmt"/>
      <line num="10" count="23" type="stmt"/>
      <line num="11" count="23" type="stmt"/>
      <line num="13" count="55" type="stmt"/>
      <line num="14" count="1" type="stmt"/>
      <line num="15" count="1" type="stmt"/>
      <line num="16" count="1" type="stmt"/>
      <line num="18" count="1" type="stmt"/>
      <line num="20" count="55" type="stmt"/>
      <line num="21" count="4" type="stmt"/>
      <line num="22" count="4" type="stmt"/>
      <line num="23" count="4" type="stmt"/>
      <line num="25" count="55" type="stmt"/>
      <line num="26" count="2" type="stmt"/>
      <line num="27" count="2" type="stmt"/>
      <line num="34" count="55" type="stmt"/>
      <line num="35" count="55" type="stmt"/>
      <line num="36" count="55" type="stmt"/>
      <line num="37" count="57" type="stmt"/>
      <line num="44" count="58" type="stmt"/>
      <line num="45" count="58" type="cond" truecount="4" falsecount="0"/>
      <line num="46" count="53" type="stmt"/>
      <line num="47" count="58" type="stmt"/>
      <line num="51" count="55" type="cond" truecount="2" falsecount="0"/>
      <line num="52" count="10" type="stmt"/>
      <line num="53" count="45" type="stmt"/>
      <line num="57" count="6" type="cond" truecount="2" falsecount="0"/>
      <line num="58" count="6" type="stmt"/>
      <line num="59" count="6" type="stmt"/>
      <line num="64" count="4" type="stmt"/>
      <line num="67" count="19" type="stmt"/>
      <line num="68" count="47" type="stmt"/>
      <line num="70" count="45" type="stmt"/>
      <line num="71" count="45" type="stmt"/>
      <line num="73" count="45" type="cond" truecount="2" falsecount="0"/>
      <line num="74" count="45" type="stmt"/>
      <line num="86" count="4" type="stmt"/>
      <line num="87" count="19" type="stmt"/>
      <line num="88" count="17" type="stmt"/>
      <line num="89" count="17" type="stmt"/>
      <line num="93" count="4" type="stmt"/>
      <line num="94" count="17" type="stmt"/>
      <line num="95" count="16" type="stmt"/>
      <line num="97" count="4" type="stmt"/>
      <line num="99" count="38" type="stmt"/>
      <line num="100" count="27" type="cond" truecount="2" falsecount="0"/>
      <line num="105" count="38" type="stmt"/>
      <line num="108" count="4" type="stmt"/>
      <line num="110" count="23" type="stmt"/>
      <line num="115" count="4" type="stmt"/>
      <line num="116" count="3" type="stmt"/>
      <line num="117" count="3" type="cond" truecount="2" falsecount="0"/>
      <line num="121" count="4" type="stmt"/>
      <line num="122" count="2" type="stmt"/>
      <line num="123" count="2" type="cond" truecount="2" falsecount="0"/>
      <line num="126" count="4" type="stmt"/>
      <line num="127" count="2" type="stmt"/>
      <line num="128" count="2" type="cond" truecount="2" falsecount="0"/>
      <line num="129" count="1" type="stmt"/>
      <line num="132" count="4" type="stmt"/>
      <line num="133" count="4" type="stmt"/>
      <line num="134" count="4" type="cond" truecount="2" falsecount="0"/>
      <line num="135" count="2" type="stmt"/>
      <line num="137" count="2" type="stmt"/>
      <line num="142" count="4" type="stmt"/>
      <line num="143" count="4" type="stmt"/>
      <line num="145" count="4" type="cond" truecount="2" falsecount="0"/>
      <line num="146" count="1" type="stmt"/>
      <line num="148" count="3" type="cond" truecount="2" falsecount="0"/>
      <line num="149" count="2" type="stmt"/>
      <line num="151" count="1" type="stmt"/>
      <line num="155" count="4" type="stmt"/>
      <line num="156" count="37" type="stmt"/>
      <line num="158" count="4" type="stmt"/>
    </file>
  </project>
</coverage>
