{"C:\\muthu\\gitworkspace\\libraries\\npm\\js\\declarative-optional\\src\\index.js": {"path":"C:\\muthu\\gitworkspace\\libraries\\npm\\js\\declarative-optional\\src\\index.js","statementMap":{"0":{"start":{"line":4,"column":4},"end":{"line":4,"column":23}},"1":{"start":{"line":5,"column":4},"end":{"line":5,"column":24}},"2":{"start":{"line":6,"column":4},"end":{"line":9,"column":5}},"3":{"start":{"line":7,"column":8},"end":{"line":7,"column":90}},"4":{"start":{"line":7,"column":47},"end":{"line":7,"column":89}},"5":{"start":{"line":8,"column":8},"end":{"line":8,"column":20}},"6":{"start":{"line":11,"column":4},"end":{"line":14,"column":5}},"7":{"start":{"line":12,"column":8},"end":{"line":12,"column":93}},"8":{"start":{"line":12,"column":47},"end":{"line":12,"column":92}},"9":{"start":{"line":13,"column":8},"end":{"line":13,"column":20}},"10":{"start":{"line":15,"column":4},"end":{"line":21,"column":5}},"11":{"start":{"line":16,"column":8},"end":{"line":19,"column":11}},"12":{"start":{"line":16,"column":47},"end":{"line":19,"column":10}},"13":{"start":{"line":17,"column":12},"end":{"line":17,"column":20}},"14":{"start":{"line":18,"column":12},"end":{"line":18,"column":23}},"15":{"start":{"line":20,"column":8},"end":{"line":20,"column":20}},"16":{"start":{"line":22,"column":4},"end":{"line":26,"column":5}},"17":{"start":{"line":23,"column":8},"end":{"line":23,"column":90}},"18":{"start":{"line":23,"column":47},"end":{"line":23,"column":89}},"19":{"start":{"line":24,"column":8},"end":{"line":24,"column":103}},"20":{"start":{"line":24,"column":47},"end":{"line":24,"column":102}},"21":{"start":{"line":25,"column":8},"end":{"line":25,"column":20}},"22":{"start":{"line":27,"column":4},"end":{"line":30,"column":5}},"23":{"start":{"line":28,"column":8},"end":{"line":28,"column":103}},"24":{"start":{"line":28,"column":47},"end":{"line":28,"column":102}},"25":{"start":{"line":29,"column":8},"end":{"line":29,"column":20}},"26":{"start":{"line":37,"column":16},"end":{"line":37,"column":18}},"27":{"start":{"line":38,"column":4},"end":{"line":39,"column":23}},"28":{"start":{"line":39,"column":8},"end":{"line":39,"column":23}},"29":{"start":{"line":40,"column":4},"end":{"line":40,"column":14}},"30":{"start":{"line":44,"column":4},"end":{"line":45,"column":19}},"31":{"start":{"line":45,"column":8},"end":{"line":45,"column":19}},"32":{"start":{"line":46,"column":4},"end":{"line":46,"column":18}},"33":{"start":{"line":50,"column":21},"end":{"line":50,"column":90}},"34":{"start":{"line":51,"column":4},"end":{"line":51,"column":104}},"35":{"start":{"line":52,"column":4},"end":{"line":52,"column":26}},"36":{"start":{"line":55,"column":0},"end":{"line":72,"column":1}},"37":{"start":{"line":58,"column":4},"end":{"line":71,"column":65}},"38":{"start":{"line":59,"column":8},"end":{"line":70,"column":11}},"39":{"start":{"line":61,"column":12},"end":{"line":66,"column":16}},"40":{"start":{"line":62,"column":12},"end":{"line":66,"column":14}},"41":{"start":{"line":63,"column":29},"end":{"line":63,"column":49}},"42":{"start":{"line":64,"column":16},"end":{"line":64,"column":44}},"43":{"start":{"line":75,"column":0},"end":{"line":79,"column":1}},"44":{"start":{"line":76,"column":24},"end":{"line":76,"column":49}},"45":{"start":{"line":77,"column":23},"end":{"line":77,"column":57}},"46":{"start":{"line":78,"column":4},"end":{"line":78,"column":23}},"47":{"start":{"line":82,"column":0},"end":{"line":85,"column":1}},"48":{"start":{"line":83,"column":23},"end":{"line":83,"column":44}},"49":{"start":{"line":84,"column":4},"end":{"line":84,"column":37}},"50":{"start":{"line":87,"column":0},"end":{"line":96,"column":1}},"51":{"start":{"line":89,"column":24},"end":{"line":91,"column":34}},"52":{"start":{"line":90,"column":8},"end":{"line":90,"column":36}},"53":{"start":{"line":95,"column":4},"end":{"line":95,"column":45}},"54":{"start":{"line":98,"column":0},"end":{"line":101,"column":1}},"55":{"start":{"line":100,"column":4},"end":{"line":100,"column":25}},"56":{"start":{"line":105,"column":0},"end":{"line":108,"column":1}},"57":{"start":{"line":106,"column":18},"end":{"line":106,"column":32}},"58":{"start":{"line":107,"column":4},"end":{"line":107,"column":37}},"59":{"start":{"line":111,"column":0},"end":{"line":114,"column":1}},"60":{"start":{"line":112,"column":18},"end":{"line":112,"column":32}},"61":{"start":{"line":113,"column":4},"end":{"line":113,"column":29}},"62":{"start":{"line":116,"column":0},"end":{"line":121,"column":1}},"63":{"start":{"line":117,"column":18},"end":{"line":117,"column":32}},"64":{"start":{"line":118,"column":4},"end":{"line":119,"column":25}},"65":{"start":{"line":119,"column":8},"end":{"line":119,"column":25}},"66":{"start":{"line":122,"column":0},"end":{"line":130,"column":1}},"67":{"start":{"line":123,"column":18},"end":{"line":123,"column":32}},"68":{"start":{"line":124,"column":4},"end":{"line":127,"column":23}},"69":{"start":{"line":125,"column":8},"end":{"line":125,"column":25}},"70":{"start":{"line":127,"column":8},"end":{"line":127,"column":23}},"71":{"start":{"line":132,"column":0},"end":{"line":143,"column":1}},"72":{"start":{"line":133,"column":19},"end":{"line":133,"column":33}},"73":{"start":{"line":135,"column":4},"end":{"line":136,"column":17}},"74":{"start":{"line":136,"column":8},"end":{"line":136,"column":17}},"75":{"start":{"line":138,"column":4},"end":{"line":141,"column":37}},"76":{"start":{"line":139,"column":8},"end":{"line":139,"column":25}},"77":{"start":{"line":141,"column":8},"end":{"line":141,"column":37}},"78":{"start":{"line":145,"column":0},"end":{"line":147,"column":1}},"79":{"start":{"line":146,"column":4},"end":{"line":146,"column":30}},"80":{"start":{"line":148,"column":0},"end":{"line":148,"column":26}}},"fnMap":{"0":{"name":"Optional","decl":{"start":{"line":3,"column":9},"end":{"line":3,"column":17}},"loc":{"start":{"line":3,"column":25},"end":{"line":34,"column":1}},"line":3},"1":{"name":"(anonymous_1)","decl":{"start":{"line":6,"column":15},"end":{"line":6,"column":16}},"loc":{"start":{"line":6,"column":23},"end":{"line":9,"column":5}},"line":6},"2":{"name":"(anonymous_2)","decl":{"start":{"line":7,"column":29},"end":{"line":7,"column":30}},"loc":{"start":{"line":7,"column":47},"end":{"line":7,"column":89}},"line":7},"3":{"name":"(anonymous_3)","decl":{"start":{"line":11,"column":18},"end":{"line":11,"column":19}},"loc":{"start":{"line":11,"column":26},"end":{"line":14,"column":5}},"line":11},"4":{"name":"(anonymous_4)","decl":{"start":{"line":12,"column":29},"end":{"line":12,"column":30}},"loc":{"start":{"line":12,"column":47},"end":{"line":12,"column":92}},"line":12},"5":{"name":"(anonymous_5)","decl":{"start":{"line":15,"column":16},"end":{"line":15,"column":17}},"loc":{"start":{"line":15,"column":24},"end":{"line":21,"column":5}},"line":15},"6":{"name":"(anonymous_6)","decl":{"start":{"line":16,"column":29},"end":{"line":16,"column":30}},"loc":{"start":{"line":16,"column":47},"end":{"line":19,"column":10}},"line":16},"7":{"name":"(anonymous_7)","decl":{"start":{"line":16,"column":86},"end":{"line":16,"column":87}},"loc":{"start":{"line":16,"column":94},"end":{"line":19,"column":9}},"line":16},"8":{"name":"(anonymous_8)","decl":{"start":{"line":22,"column":19},"end":{"line":22,"column":20}},"loc":{"start":{"line":22,"column":27},"end":{"line":26,"column":5}},"line":22},"9":{"name":"(anonymous_9)","decl":{"start":{"line":23,"column":29},"end":{"line":23,"column":30}},"loc":{"start":{"line":23,"column":47},"end":{"line":23,"column":89}},"line":23},"10":{"name":"(anonymous_10)","decl":{"start":{"line":24,"column":29},"end":{"line":24,"column":30}},"loc":{"start":{"line":24,"column":47},"end":{"line":24,"column":102}},"line":24},"11":{"name":"(anonymous_11)","decl":{"start":{"line":27,"column":19},"end":{"line":27,"column":20}},"loc":{"start":{"line":27,"column":25},"end":{"line":30,"column":5}},"line":27},"12":{"name":"(anonymous_12)","decl":{"start":{"line":28,"column":29},"end":{"line":28,"column":30}},"loc":{"start":{"line":28,"column":47},"end":{"line":28,"column":102}},"line":28},"13":{"name":"elementAsArray","decl":{"start":{"line":36,"column":9},"end":{"line":36,"column":23}},"loc":{"start":{"line":36,"column":31},"end":{"line":41,"column":1}},"line":36},"14":{"name":"getResult","decl":{"start":{"line":43,"column":9},"end":{"line":43,"column":18}},"loc":{"start":{"line":43,"column":24},"end":{"line":47,"column":1}},"line":43},"15":{"name":"flattenOptional","decl":{"start":{"line":49,"column":9},"end":{"line":49,"column":24}},"loc":{"start":{"line":49,"column":32},"end":{"line":54,"column":1}},"line":49},"16":{"name":"(anonymous_16)","decl":{"start":{"line":55,"column":34},"end":{"line":55,"column":35}},"loc":{"start":{"line":55,"column":46},"end":{"line":72,"column":1}},"line":55},"17":{"name":"(anonymous_17)","decl":{"start":{"line":58,"column":35},"end":{"line":58,"column":36}},"loc":{"start":{"line":58,"column":59},"end":{"line":71,"column":5}},"line":58},"18":{"name":"(anonymous_18)","decl":{"start":{"line":59,"column":22},"end":{"line":59,"column":23}},"loc":{"start":{"line":59,"column":32},"end":{"line":70,"column":9}},"line":59},"19":{"name":"(anonymous_19)","decl":{"start":{"line":61,"column":31},"end":{"line":61,"column":32}},"loc":{"start":{"line":61,"column":42},"end":{"line":66,"column":15}},"line":61},"20":{"name":"(anonymous_20)","decl":{"start":{"line":62,"column":47},"end":{"line":62,"column":48}},"loc":{"start":{"line":62,"column":52},"end":{"line":66,"column":13}},"line":62},"21":{"name":"(anonymous_21)","decl":{"start":{"line":75,"column":30},"end":{"line":75,"column":31}},"loc":{"start":{"line":75,"column":48},"end":{"line":79,"column":1}},"line":75},"22":{"name":"(anonymous_22)","decl":{"start":{"line":82,"column":29},"end":{"line":82,"column":30}},"loc":{"start":{"line":82,"column":47},"end":{"line":85,"column":1}},"line":82},"23":{"name":"(anonymous_23)","decl":{"start":{"line":87,"column":29},"end":{"line":87,"column":30}},"loc":{"start":{"line":87,"column":41},"end":{"line":96,"column":1}},"line":87},"24":{"name":"(anonymous_24)","decl":{"start":{"line":89,"column":47},"end":{"line":89,"column":48}},"loc":{"start":{"line":89,"column":73},"end":{"line":91,"column":5}},"line":89},"25":{"name":"(anonymous_25)","decl":{"start":{"line":98,"column":25},"end":{"line":98,"column":26}},"loc":{"start":{"line":98,"column":37},"end":{"line":101,"column":1}},"line":98},"26":{"name":"(anonymous_26)","decl":{"start":{"line":105,"column":28},"end":{"line":105,"column":29}},"loc":{"start":{"line":105,"column":52},"end":{"line":108,"column":1}},"line":105},"27":{"name":"(anonymous_27)","decl":{"start":{"line":111,"column":31},"end":{"line":111,"column":32}},"loc":{"start":{"line":111,"column":43},"end":{"line":114,"column":1}},"line":111},"28":{"name":"(anonymous_28)","decl":{"start":{"line":116,"column":31},"end":{"line":116,"column":32}},"loc":{"start":{"line":116,"column":45},"end":{"line":121,"column":1}},"line":116},"29":{"name":"(anonymous_29)","decl":{"start":{"line":122,"column":37},"end":{"line":122,"column":38}},"loc":{"start":{"line":122,"column":58},"end":{"line":130,"column":1}},"line":122},"30":{"name":"(anonymous_30)","decl":{"start":{"line":132,"column":28},"end":{"line":132,"column":29}},"loc":{"start":{"line":132,"column":40},"end":{"line":143,"column":1}},"line":132},"31":{"name":"(anonymous_31)","decl":{"start":{"line":145,"column":14},"end":{"line":145,"column":15}},"loc":{"start":{"line":145,"column":31},"end":{"line":147,"column":1}},"line":145}},"branchMap":{"0":{"loc":{"start":{"line":38,"column":4},"end":{"line":39,"column":23}},"type":"if","locations":[{"start":{"line":38,"column":4},"end":{"line":39,"column":23}},{"start":{},"end":{}}],"line":38},"1":{"loc":{"start":{"line":38,"column":8},"end":{"line":38,"column":43}},"type":"binary-expr","locations":[{"start":{"line":38,"column":8},"end":{"line":38,"column":21}},{"start":{"line":38,"column":25},"end":{"line":38,"column":43}}],"line":38},"2":{"loc":{"start":{"line":44,"column":4},"end":{"line":45,"column":19}},"type":"if","locations":[{"start":{"line":44,"column":4},"end":{"line":45,"column":19}},{"start":{},"end":{}}],"line":44},"3":{"loc":{"start":{"line":50,"column":21},"end":{"line":50,"column":90}},"type":"binary-expr","locations":[{"start":{"line":50,"column":21},"end":{"line":50,"column":51}},{"start":{"line":50,"column":55},"end":{"line":50,"column":90}}],"line":50},"4":{"loc":{"start":{"line":107,"column":11},"end":{"line":107,"column":37}},"type":"cond-expr","locations":[{"start":{"line":107,"column":18},"end":{"line":107,"column":24}},{"start":{"line":107,"column":25},"end":{"line":107,"column":37}}],"line":107},"5":{"loc":{"start":{"line":113,"column":11},"end":{"line":113,"column":28}},"type":"cond-expr","locations":[{"start":{"line":113,"column":18},"end":{"line":113,"column":22}},{"start":{"line":113,"column":23},"end":{"line":113,"column":28}}],"line":113},"6":{"loc":{"start":{"line":118,"column":4},"end":{"line":119,"column":25}},"type":"if","locations":[{"start":{"line":118,"column":4},"end":{"line":119,"column":25}},{"start":{},"end":{}}],"line":118},"7":{"loc":{"start":{"line":124,"column":4},"end":{"line":127,"column":23}},"type":"if","locations":[{"start":{"line":124,"column":4},"end":{"line":127,"column":23}},{"start":{"line":127,"column":8},"end":{"line":127,"column":23}}],"line":124},"8":{"loc":{"start":{"line":135,"column":4},"end":{"line":136,"column":17}},"type":"if","locations":[{"start":{"line":135,"column":4},"end":{"line":136,"column":17}},{"start":{},"end":{}}],"line":135},"9":{"loc":{"start":{"line":138,"column":4},"end":{"line":141,"column":37}},"type":"if","locations":[{"start":{"line":138,"column":4},"end":{"line":141,"column":37}},{"start":{"line":141,"column":8},"end":{"line":141,"column":37}}],"line":138}},"s":{"0":55,"1":55,"2":55,"3":38,"4":38,"5":38,"6":55,"7":23,"8":23,"9":23,"10":55,"11":1,"12":1,"13":1,"14":1,"15":1,"16":55,"17":4,"18":4,"19":4,"20":4,"21":4,"22":55,"23":2,"24":2,"25":2,"26":58,"27":58,"28":53,"29":58,"30":55,"31":10,"32":45,"33":6,"34":6,"35":6,"36":4,"37":19,"38":47,"39":45,"40":45,"41":45,"42":45,"43":4,"44":19,"45":17,"46":17,"47":4,"48":17,"49":16,"50":4,"51":38,"52":27,"53":38,"54":4,"55":23,"56":4,"57":3,"58":3,"59":4,"60":2,"61":2,"62":4,"63":2,"64":2,"65":1,"66":4,"67":4,"68":4,"69":2,"70":2,"71":4,"72":4,"73":4,"74":1,"75":3,"76":2,"77":1,"78":4,"79":37,"80":4},"f":{"0":55,"1":38,"2":38,"3":23,"4":23,"5":1,"6":1,"7":1,"8":4,"9":4,"10":4,"11":2,"12":2,"13":58,"14":55,"15":6,"16":19,"17":47,"18":45,"19":45,"20":45,"21":19,"22":17,"23":38,"24":27,"25":23,"26":3,"27":2,"28":2,"29":4,"30":4,"31":37},"b":{"0":[53,5],"1":[58,53],"2":[10,45],"3":[6,6],"4":[2,1],"5":[1,1],"6":[1,1],"7":[2,2],"8":[1,3],"9":[2,1]},"_coverageSchema":"1a1c01bbd47fc00a2c39e90264f33305004495a9","hash":"bd3ad7d88cade96683b232efb6737d9219bcde0d"}
}
