TN:
SF:src\index.js
FN:3,Optional
FN:6,(anonymous_1)
FN:7,(anonymous_2)
FN:11,(anonymous_3)
FN:12,(anonymous_4)
FN:15,(anonymous_5)
FN:16,(anonymous_6)
FN:16,(anonymous_7)
FN:22,(anonymous_8)
FN:23,(anonymous_9)
FN:24,(anonymous_10)
FN:27,(anonymous_11)
FN:28,(anonymous_12)
FN:36,elementAsArray
FN:43,getResult
FN:49,flattenOptional
FN:55,(anonymous_16)
FN:58,(anonymous_17)
FN:59,(anonymous_18)
FN:61,(anonymous_19)
FN:62,(anonymous_20)
FN:75,(anonymous_21)
FN:82,(anonymous_22)
FN:87,(anonymous_23)
FN:89,(anonymous_24)
FN:98,(anonymous_25)
FN:105,(anonymous_26)
FN:111,(anonymous_27)
FN:116,(anonymous_28)
FN:122,(anonymous_29)
FN:132,(anonymous_30)
FN:145,(anonymous_31)
FNF:32
FNH:32
FNDA:55,Optional
FNDA:38,(anonymous_1)
FNDA:38,(anonymous_2)
FNDA:23,(anonymous_3)
FNDA:23,(anonymous_4)
FNDA:1,(anonymous_5)
FNDA:1,(anonymous_6)
FNDA:1,(anonymous_7)
FNDA:4,(anonymous_8)
FNDA:4,(anonymous_9)
FNDA:4,(anonymous_10)
FNDA:2,(anonymous_11)
FNDA:2,(anonymous_12)
FNDA:58,elementAsArray
FNDA:55,getResult
FNDA:6,flattenOptional
FNDA:19,(anonymous_16)
FNDA:47,(anonymous_17)
FNDA:45,(anonymous_18)
FNDA:45,(anonymous_19)
FNDA:45,(anonymous_20)
FNDA:19,(anonymous_21)
FNDA:17,(anonymous_22)
FNDA:38,(anonymous_23)
FNDA:27,(anonymous_24)
FNDA:23,(anonymous_25)
FNDA:3,(anonymous_26)
FNDA:2,(anonymous_27)
FNDA:2,(anonymous_28)
FNDA:4,(anonymous_29)
FNDA:4,(anonymous_30)
FNDA:37,(anonymous_31)
DA:4,55
DA:5,55
DA:6,55
DA:7,38
DA:8,38
DA:11,55
DA:12,23
DA:13,23
DA:15,55
DA:16,1
DA:17,1
DA:18,1
DA:20,1
DA:22,55
DA:23,4
DA:24,4
DA:25,4
DA:27,55
DA:28,2
DA:29,2
DA:37,58
DA:38,58
DA:39,53
DA:40,58
DA:44,55
DA:45,10
DA:46,45
DA:50,6
DA:51,6
DA:52,6
DA:55,4
DA:58,19
DA:59,47
DA:61,45
DA:62,45
DA:63,45
DA:64,45
DA:75,4
DA:76,19
DA:77,17
DA:78,17
DA:82,4
DA:83,17
DA:84,16
DA:87,4
DA:89,38
DA:90,27
DA:95,38
DA:98,4
DA:100,23
DA:105,4
DA:106,3
DA:107,3
DA:111,4
DA:112,2
DA:113,2
DA:116,4
DA:117,2
DA:118,2
DA:119,1
DA:122,4
DA:123,4
DA:124,4
DA:125,2
DA:127,2
DA:132,4
DA:133,4
DA:135,4
DA:136,1
DA:138,3
DA:139,2
DA:141,1
DA:145,4
DA:146,37
DA:148,4
LF:75
LH:75
BRDA:38,0,0,53
BRDA:38,0,1,5
BRDA:38,1,0,58
BRDA:38,1,1,53
BRDA:44,2,0,10
BRDA:44,2,1,45
BRDA:50,3,0,6
BRDA:50,3,1,6
BRDA:107,4,0,2
BRDA:107,4,1,1
BRDA:113,5,0,1
BRDA:113,5,1,1
BRDA:118,6,0,1
BRDA:118,6,1,1
BRDA:124,7,0,2
BRDA:124,7,1,2
BRDA:135,8,0,1
BRDA:135,8,1,3
BRDA:138,9,0,2
BRDA:138,9,1,1
BRF:20
BRH:20
end_of_record
