TN:
SF:src\index.js
FN:3,Optional
FN:6,(anonymous_1)
FN:7,(anonymous_2)
FN:11,(anonymous_3)
FN:12,(anonymous_4)
FN:15,(anonymous_5)
FN:16,(anonymous_6)
FN:16,(anonymous_7)
FN:22,(anonymous_8)
FN:23,(anonymous_9)
FN:24,(anonymous_10)
FN:27,(anonymous_11)
FN:28,(anonymous_12)
FN:36,elementAsArray
FN:43,getResult
FN:49,flattenOptional
FN:55,(anonymous_16)
FN:58,(anonymous_17)
FN:59,(anonymous_18)
FN:61,(anonymous_19)
FN:62,(anonymous_20)
FN:73,(anonymous_21)
FN:80,(anonymous_22)
FN:82,(anonymous_23)
FN:91,(anonymous_24)
FN:98,(anonymous_25)
FN:104,(anonymous_26)
FN:109,(anonymous_27)
FN:115,(anonymous_28)
FN:125,(anonymous_29)
FN:138,(anonymous_30)
FNF:31
FNH:31
FNDA:35,Optional
FNDA:24,(anonymous_1)
FNDA:25,(anonymous_2)
FNDA:14,(anonymous_3)
FNDA:14,(anonymous_4)
FNDA:1,(anonymous_5)
FNDA:1,(anonymous_6)
FNDA:1,(anonymous_7)
FNDA:2,(anonymous_8)
FNDA:2,(anonymous_9)
FNDA:2,(anonymous_10)
FNDA:2,(anonymous_11)
FNDA:2,(anonymous_12)
FNDA:38,elementAsArray
FNDA:36,getResult
FNDA:4,flattenOptional
FNDA:8,(anonymous_16)
FNDA:20,(anonymous_17)
FNDA:19,(anonymous_18)
FNDA:19,(anonymous_19)
FNDA:19,(anonymous_20)
FNDA:8,(anonymous_21)
FNDA:29,(anonymous_22)
FNDA:27,(anonymous_23)
FNDA:16,(anonymous_24)
FNDA:3,(anonymous_25)
FNDA:2,(anonymous_26)
FNDA:2,(anonymous_27)
FNDA:2,(anonymous_28)
FNDA:4,(anonymous_29)
FNDA:26,(anonymous_30)
DA:4,35
DA:5,35
DA:6,35
DA:7,25
DA:8,24
DA:11,35
DA:12,14
DA:13,14
DA:15,35
DA:16,1
DA:17,1
DA:18,1
DA:20,1
DA:22,35
DA:23,2
DA:24,2
DA:25,2
DA:27,35
DA:28,2
DA:29,2
DA:37,38
DA:38,38
DA:39,34
DA:40,38
DA:44,36
DA:45,8
DA:46,28
DA:50,4
DA:51,4
DA:52,4
DA:55,3
DA:58,8
DA:59,20
DA:61,19
DA:62,19
DA:63,19
DA:64,19
DA:73,3
DA:74,8
DA:75,7
DA:76,7
DA:80,3
DA:82,29
DA:83,27
DA:88,29
DA:91,3
DA:93,16
DA:98,3
DA:99,3
DA:100,3
DA:104,3
DA:105,2
DA:106,2
DA:109,3
DA:110,2
DA:111,2
DA:112,1
DA:115,3
DA:116,2
DA:117,2
DA:118,1
DA:120,1
DA:125,3
DA:126,4
DA:128,4
DA:129,1
DA:131,3
DA:132,2
DA:134,1
DA:138,3
DA:139,26
DA:141,3
LF:72
LH:72
BRDA:38,0,0,34
BRDA:38,0,1,4
BRDA:38,1,0,38
BRDA:38,1,1,34
BRDA:44,2,0,8
BRDA:44,2,1,28
BRDA:50,3,0,4
BRDA:50,3,1,4
BRDA:100,4,0,2
BRDA:100,4,1,1
BRDA:106,5,0,1
BRDA:106,5,1,1
BRDA:111,6,0,1
BRDA:111,6,1,1
BRDA:117,7,0,1
BRDA:117,7,1,1
BRDA:128,8,0,1
BRDA:128,8,1,3
BRDA:131,9,0,2
BRDA:131,9,1,1
BRF:20
BRH:20
end_of_record
